\BOOKMARK [0][-]{chapter.1}{Introduction REVISARLA}{}% 1
\BOOKMARK [0][-]{chapter.2}{Background}{}% 2
\BOOKMARK [0][-]{chapter.3}{Hamiltonian systems and Symplectic structure- OTT Y JOAO}{}% 3
\BOOKMARK [1][-]{section.3.1}{Dynamical systems- OTT Y JOAO}{chapter.3}% 4
\BOOKMARK [1][-]{section.3.2}{Hamilton equations and Symplectic Structure- OTT Y JOAO}{chapter.3}% 5
\BOOKMARK [2][-]{subsection.3.2.1}{Integrability in Hamiltonian problems}{section.3.2}% 6
\BOOKMARK [2][-]{subsection.3.2.2}{KAM Theorem}{section.3.2}% 7
\BOOKMARK [2][-]{subsection.3.2.3}{Rational Tori}{section.3.2}% 8
\BOOKMARK [2][-]{subsection.3.2.4}{Irrational Tori}{section.3.2}% 9
\BOOKMARK [1][-]{section.3.3}{Symplectic Integrator NUMERICAL HAMILTONIAN PROBLEMS}{chapter.3}% 10
\BOOKMARK [2][-]{subsection.3.3.1}{Importance of symplecticness in an integrator}{section.3.3}% 11
\BOOKMARK [2][-]{subsection.3.3.2}{Conservation of constants of motion}{section.3.3}% 12
\BOOKMARK [2][-]{subsection.3.3.3}{Chaos and integrators TOCA METERLE VARIAS REFERENCIAS}{section.3.3}% 13
\BOOKMARK [1][-]{section.3.4}{Randomness in classical and quantum mechanics}{chapter.3}% 14
\BOOKMARK [0][-]{chapter.4}{Double well and finite heat bath}{}% 15
\BOOKMARK [1][-]{section.4.1}{Double well as a two level system}{chapter.4}% 16
\BOOKMARK [2][-]{subsection.4.1.1}{Quantum modeling for continuous variables}{section.4.1}% 17
\BOOKMARK [2][-]{subsection.4.1.2}{Heat bath proper modeling}{section.4.1}% 18
\BOOKMARK [1][-]{section.4.2}{Dynamics of the system}{chapter.4}% 19
\BOOKMARK [2][-]{subsection.4.2.1}{Hamilton equations of motion}{section.4.2}% 20
\BOOKMARK [2][-]{subsection.4.2.2}{Infinite heat bath and dissipation}{section.4.2}% 21
\BOOKMARK [2][-]{subsection.4.2.3}{Poincar\351 surface plots}{section.4.2}% 22
\BOOKMARK [1][-]{section.4.3}{Variation of the parameters}{chapter.4}% 23
\BOOKMARK [2][-]{subsection.4.3.1}{Frequency spectra FALTA MUCHO POR ACABAR}{section.4.3}% 24
\BOOKMARK [2][-]{subsection.4.3.2}{Energy spectra}{section.4.3}% 25
\BOOKMARK [3][-]{subsubsection.4.3.2.1}{Drawing energy from a distribution}{subsection.4.3.2}% 26
\BOOKMARK [3][-]{subsubsection.4.3.2.2}{Quasi-gaussian distribution in phase space}{subsection.4.3.2}% 27
\BOOKMARK [1][-]{section.4.4}{Number of modes in the bath}{chapter.4}% 28
\BOOKMARK [2][-]{subsection.4.4.1}{Chaos to dissipation dynamics}{section.4.4}% 29
\BOOKMARK [2][-]{subsection.4.4.2}{Variation of the double well and heat bath parameters}{section.4.4}% 30
\BOOKMARK [3][-]{subsubsection.4.4.2.1}{Changing the exponent s}{subsection.4.4.2}% 31
\BOOKMARK [3][-]{subsubsection.4.4.2.2}{Changing the individual coupling g0}{subsection.4.4.2}% 32
\BOOKMARK [3][-]{subsubsection.4.4.2.3}{Changing the initial energy of the heat bath}{subsection.4.4.2}% 33
\BOOKMARK [3][-]{subsubsection.4.4.2.4}{Changing the height of the potential barrier}{subsection.4.4.2}% 34
\BOOKMARK [0][-]{chapter.5}{Approach to the Measurement theory}{}% 35
\BOOKMARK [1][-]{section.5.1}{Classical Measurement}{chapter.5}% 36
\BOOKMARK [2][-]{subsection.5.1.1}{Stability of a system}{section.5.1}% 37
\BOOKMARK [1][-]{section.5.2}{Quantum Measurement}{chapter.5}% 38
\BOOKMARK [2][-]{subsection.5.2.1}{Postulates of Quantum Mechanics}{section.5.2}% 39
\BOOKMARK [1][-]{section.5.3}{Can this be considered as a measurement?}{chapter.5}% 40
\BOOKMARK [0][-]{chapter.6}{Related work}{}% 41
\BOOKMARK [1][-]{section.6.1}{Quantum measurement in a unitary setting}{chapter.6}% 42
\BOOKMARK [0][-]{chapter.7}{Future work}{}% 43
\BOOKMARK [0][-]{chapter.8}{Conclusion}{}% 44
\BOOKMARK [0][-]{section*.19}{Bibliography}{}% 45
\BOOKMARK [0][-]{appendix.Alph1}{Extra Information}{}% 46
